# JRE version: OpenJDK Runtime Environment (11.0.2+9) (build 11.0.2+9)
# Java VM: OpenJDK 64-Bit Server VM (11.0.2+9, mixed mode, tiered, compressed oops, g1 gc, windows-amd64)
Heap:
 garbage-first heap   total 130048K, used 47170K [0x00000000c1c00000, 0x0000000100000000)
  region size 1024K, 3 young (3072K), 3 survivors (3072K)
 Metaspace       used 78265K, capacity 79588K, committed 80048K, reserved 1120256K
  class space    used 9160K, capacity 9612K, committed 9728K, reserved 1048576K
GC Heap History (10 events):
Event: 995.242 GC heap after
{Heap after GC invocations=66 (full 0):
 garbage-first heap   total 78848K, used 42021K [0x00000000c1c00000, 0x0000000100000000)
  region size 1024K, 1 young (1024K), 1 survivors (1024K)
 Metaspace       used 78072K, capacity 79382K, committed 79920K, reserved 1120256K
  class space    used 9142K, capacity 9569K, committed 9600K, reserved 1048576K
}
Event: 995.423 GC heap before
{Heap before GC invocations=66 (full 0):
 garbage-first heap   total 78848K, used 64549K [0x00000000c1c00000, 0x0000000100000000)
  region size 1024K, 24 young (24576K), 1 survivors (1024K)
 Metaspace       used 78072K, capacity 79382K, committed 79920K, reserved 1120256K
  class space    used 9142K, capacity 9569K, committed 9600K, reserved 1048576K
}
Event: 995.430 GC heap after
{Heap after GC invocations=67 (full 0):
 garbage-first heap   total 100352K, used 43040K [0x00000000c1c00000, 0x0000000100000000)
  region size 1024K, 2 young (2048K), 2 survivors (2048K)
 Metaspace       used 78072K, capacity 79382K, committed 79920K, reserved 1120256K
  class space    used 9142K, capacity 9569K, committed 9600K, reserved 1048576K
}
Event: 995.629 GC heap before
{Heap before GC invocations=67 (full 0):
 garbage-first heap   total 100352K, used 73760K [0x00000000c1c00000, 0x0000000100000000)
  region size 1024K, 32 young (32768K), 2 survivors (2048K)
 Metaspace       used 78072K, capacity 79382K, committed 79920K, reserved 1120256K
  class space    used 9142K, capacity 9569K, committed 9600K, reserved 1048576K
}
Event: 995.634 GC heap after
{Heap after GC invocations=68 (full 0):
 garbage-first heap   total 100352K, used 44320K [0x00000000c1c00000, 0x0000000100000000)
  region size 1024K, 4 young (4096K), 4 survivors (4096K)
 Metaspace       used 78072K, capacity 79382K, committed 79920K, reserved 1120256K
  class space    used 9142K, capacity 9569K, committed 9600K, reserved 1048576K
}
Event: 995.805 GC heap before
{Heap before GC invocations=68 (full 0):
 garbage-first heap   total 100352K, used 74016K [0x00000000c1c00000, 0x0000000100000000)
  region size 1024K, 34 young (34816K), 4 survivors (4096K)
 Metaspace       used 78082K, capacity 79382K, committed 79920K, reserved 1120256K
  class space    used 9142K, capacity 9569K, committed 9600K, reserved 1048576K
}
Event: 995.811 GC heap after
{Heap after GC invocations=69 (full 0):
 garbage-first heap   total 100352K, used 45165K [0x00000000c1c00000, 0x0000000100000000)
  region size 1024K, 4 young (4096K), 4 survivors (4096K)
 Metaspace       used 78082K, capacity 79382K, committed 79920K, reserved 1120256K
  class space    used 9142K, capacity 9569K, committed 9600K, reserved 1048576K
}
Event: 996.229 GC heap before
{Heap before GC invocations=69 (full 0):
 garbage-first heap   total 100352K, used 75885K [0x00000000c1c00000, 0x0000000100000000)
  region size 1024K, 35 young (35840K), 4 survivors (4096K)
 Metaspace       used 78085K, capacity 79382K, committed 79920K, reserved 1120256K
  class space    used 9142K, capacity 9569K, committed 9600K, reserved 1048576K
}
Event: 996.237 GC heap after
{Heap after GC invocations=70 (full 0):
 garbage-first heap   total 100352K, used 46686K [0x00000000c1c00000, 0x0000000100000000)
  region size 1024K, 4 young (4096K), 4 survivors (4096K)
 Metaspace       used 78085K, capacity 79382K, committed 79920K, reserved 1120256K
  class space    used 9142K, capacity 9569K, committed 9600K, reserved 1048576K
}
Event: 999.183 GC heap before
{Heap before GC invocations=70 (full 0):
 garbage-first heap   total 100352K, used 77406K [0x00000000c1c00000, 0x0000000100000000)
  region size 1024K, 35 young (35840K), 4 survivors (4096K)
 Metaspace       used 78265K, capacity 79588K, committed 80048K, reserved 1120256K
  class space    used 9160K, capacity 9612K, committed 9728K, reserved 1048576K
}

