# JRE version: OpenJDK Runtime Environment (11.0.2+9) (build 11.0.2+9)
# Java VM: OpenJDK 64-Bit Server VM (11.0.2+9, mixed mode, tiered, compressed oops, g1 gc, windows-amd64)
Heap:
 garbage-first heap   total 286720K, used 121028K [0x00000000c1c00000, 0x0000000100000000)
  region size 1024K, 2 young (2048K), 2 survivors (2048K)
 Metaspace       used 511580K, capacity 516314K, committed 516468K, reserved 1490944K
  class space    used 72925K, capacity 74485K, committed 74496K, reserved 1048576K
GC Heap History (10 events):
Event: 965.508 GC heap after
{Heap after GC invocations=288 (full 0):
 garbage-first heap   total 195584K, used 124035K [0x00000000c1c00000, 0x0000000100000000)
  region size 1024K, 2 young (2048K), 2 survivors (2048K)
 Metaspace       used 491067K, capacity 495657K, committed 495860K, reserved 1474560K
  class space    used 69876K, capacity 71395K, committed 71552K, reserved 1048576K
}
Event: 966.231 GC heap before
{Heap before GC invocations=288 (full 0):
 garbage-first heap   total 195584K, used 131203K [0x00000000c1c00000, 0x0000000100000000)
  region size 1024K, 9 young (9216K), 2 survivors (2048K)
 Metaspace       used 492295K, capacity 496907K, committed 497012K, reserved 1474560K
  class space    used 70097K, capacity 71620K, committed 71680K, reserved 1048576K
}
Event: 966.286 GC heap after
{Heap after GC invocations=289 (full 0):
 garbage-first heap   total 195584K, used 117695K [0x00000000c1c00000, 0x0000000100000000)
  region size 1024K, 2 young (2048K), 2 survivors (2048K)
 Metaspace       used 492295K, capacity 496907K, committed 497012K, reserved 1474560K
  class space    used 70097K, capacity 71620K, committed 71680K, reserved 1048576K
}
Event: 970.366 GC heap before
{Heap before GC invocations=289 (full 0):
 garbage-first heap   total 195584K, used 163775K [0x00000000c1c00000, 0x0000000100000000)
  region size 1024K, 48 young (49152K), 2 survivors (2048K)
 Metaspace       used 498878K, capacity 503478K, committed 503540K, reserved 1480704K
  class space    used 71012K, capacity 72527K, committed 72576K, reserved 1048576K
}
Event: 970.379 GC heap after
{Heap after GC invocations=290 (full 0):
 garbage-first heap   total 195584K, used 119192K [0x00000000c1c00000, 0x0000000100000000)
  region size 1024K, 3 young (3072K), 3 survivors (3072K)
 Metaspace       used 498878K, capacity 503478K, committed 503540K, reserved 1480704K
  class space    used 71012K, capacity 72527K, committed 72576K, reserved 1048576K
}
Event: 973.098 GC heap before
{Heap before GC invocations=291 (full 0):
 garbage-first heap   total 195584K, used 166296K [0x00000000c1c00000, 0x0000000100000000)
  region size 1024K, 49 young (50176K), 3 survivors (3072K)
 Metaspace       used 504514K, capacity 509170K, committed 509300K, reserved 1484800K
  class space    used 71853K, capacity 73372K, committed 73472K, reserved 1048576K
}
Event: 973.131 GC heap after
{Heap after GC invocations=292 (full 0):
 garbage-first heap   total 195584K, used 120286K [0x00000000c1c00000, 0x0000000100000000)
  region size 1024K, 4 young (4096K), 4 survivors (4096K)
 Metaspace       used 504514K, capacity 509170K, committed 509300K, reserved 1484800K
  class space    used 71853K, capacity 73372K, committed 73472K, reserved 1048576K
}
Event: 973.666 GC heap before
{Heap before GC invocations=292 (full 0):
 garbage-first heap   total 195584K, used 125406K [0x00000000c1c00000, 0x0000000100000000)
  region size 1024K, 9 young (9216K), 4 survivors (4096K)
 Metaspace       used 505139K, capacity 509831K, committed 509940K, reserved 1486848K
  class space    used 71961K, capacity 73508K, committed 73600K, reserved 1048576K
}
Event: 973.730 GC heap after
{Heap after GC invocations=293 (full 0):
 garbage-first heap   total 195584K, used 120072K [0x00000000c1c00000, 0x0000000100000000)
  region size 1024K, 1 young (1024K), 1 survivors (1024K)
 Metaspace       used 505139K, capacity 509831K, committed 509940K, reserved 1486848K
  class space    used 71961K, capacity 73508K, committed 73600K, reserved 1048576K
}
Event: 994.158 GC heap before
{Heap before GC invocations=293 (full 0):
 garbage-first heap   total 195584K, used 166152K [0x00000000c1c00000, 0x0000000100000000)
  region size 1024K, 46 young (47104K), 1 survivors (1024K)
 Metaspace       used 511580K, capacity 516314K, committed 516468K, reserved 1490944K
  class space    used 72925K, capacity 74485K, committed 74496K, reserved 1048576K
}

